打卡系统开始启动... 2021-06-22 19:31:33
打卡成功: 2006100062 : 2021-06-23 08:00:04 2021-06-23 08:00:04
打卡成功: 2006100066 : 2021-06-23 08:00:08 2021-06-23 08:00:09
打卡成功: 2006200030 : 2021-06-23 08:00:12 2021-06-23 08:00:12
打卡成功: 2006100064 : 2021-06-23 08:00:16 2021-06-23 08:00:16
打卡成功: 2008710012 : 2021-06-23 08:00:20 2021-06-23 08:00:20
打卡成功: 2006100068 : 2021-06-23 08:00:24 2021-06-23 08:00:24
打卡成功: 2006100065 : 2021-06-23 08:00:28 2021-06-23 08:00:28
打卡成功: 2006100067 : 2021-06-23 08:00:32 2021-06-23 08:00:32
打卡成功: 2006100053 : 2021-06-23 08:00:39 2021-06-23 08:00:40
打卡成功: 2006100061 : 2021-06-23 08:00:43 2021-06-23 08:00:44
2004100049用户名或密码错误 2021-06-23 08:00:44
打卡成功: 2006100062 : 2021-06-24 08:00:03 2021-06-24 08:00:04
打卡成功: 2006100066 : 2021-06-24 08:00:08 2021-06-24 08:00:08
Traceback (most recent call last):
  File "main.py", line 189, in <module>
    helper(id)
  File "main.py", line 20, in helper
    clock_in(stu_id)
  File "main.py", line 34, in clock_in
    'csrfToken': csrfToken[0],
IndexError: list index out of range
打卡系统开始启动... 2021-06-29 23:40:06
打卡成功: 2006100062 : 2021-06-30 08:00:04 2021-06-30 08:00:04
打卡成功: 2006100066 : 2021-06-30 08:00:08 2021-06-30 08:00:09
打卡成功: 2006200030 : 2021-06-30 08:00:12 2021-06-30 08:00:13
打卡成功: 2006100064 : 2021-06-30 08:00:16 2021-06-30 08:00:17
打卡成功: 2008710012 : 2021-06-30 08:00:21 2021-06-30 08:00:21
打卡成功: 2006100068 : 2021-06-30 08:00:25 2021-06-30 08:00:26
打卡成功: 2006100065 : 2021-06-30 08:00:29 2021-06-30 08:00:30
打卡成功: 2006100067 : 2021-06-30 08:00:37 2021-06-30 08:00:38
打卡成功: 2006100053 : 2021-06-30 08:00:41 2021-06-30 08:00:42
打卡成功: 2006100061 : 2021-06-30 08:00:45 2021-06-30 08:00:46
打卡成功: 2004100049 : 2021-06-30 08:00:50 2021-06-30 08:00:50
打卡成功: 2064400014 : 2021-06-30 08:00:54 2021-06-30 08:00:54
打卡成功: 2006100062 : 2021-07-01 08:00:04 2021-07-01 08:00:04
打卡成功: 2006100066 : 2021-07-01 08:00:08 2021-07-01 08:00:08
打卡成功: 2006200030 : 2021-07-01 08:00:12 2021-07-01 08:00:13
打卡成功: 2006100064 : 2021-07-01 08:00:16 2021-07-01 08:00:17
打卡成功: 2008710012 : 2021-07-01 08:00:20 2021-07-01 08:00:21
打卡成功: 2006100068 : 2021-07-01 08:00:24 2021-07-01 08:00:25
打卡成功: 2006100065 : 2021-07-01 08:00:28 2021-07-01 08:00:29
打卡成功: 2006100067 : 2021-07-01 08:00:32 2021-07-01 08:00:33
打卡成功: 2006100053 : 2021-07-01 08:00:36 2021-07-01 08:00:37
打卡成功: 2006100061 : 2021-07-01 08:00:40 2021-07-01 08:00:41
打卡成功: 2004100049 : 2021-07-01 08:00:44 2021-07-01 08:00:45
打卡成功: 2064400014 : 2021-07-01 08:00:48 2021-07-01 08:00:49
打卡成功: 2006100062 : 2021-07-02 08:00:03 2021-07-02 08:00:04
打卡成功: 2006100066 : 2021-07-02 08:00:07 2021-07-02 08:00:07
打卡成功: 2006200030 : 2021-07-02 08:00:11 2021-07-02 08:00:11
打卡成功: 2006100064 : 2021-07-02 08:00:15 2021-07-02 08:00:15
打卡成功: 2008710012 : 2021-07-02 08:00:19 2021-07-02 08:00:19
打卡成功: 2006100068 : 2021-07-02 08:00:22 2021-07-02 08:00:23
打卡成功: 2006100065 : 2021-07-02 08:00:26 2021-07-02 08:00:27
打卡成功: 2006100067 : 2021-07-02 08:00:31 2021-07-02 08:00:32
打卡成功: 2006100053 : 2021-07-02 08:00:35 2021-07-02 08:00:36
打卡成功: 2006100061 : 2021-07-02 08:00:39 2021-07-02 08:00:40
打卡成功: 2004100049 : 2021-07-02 08:00:44 2021-07-02 08:00:44
打卡成功: 2064400014 : 2021-07-02 08:00:48 2021-07-02 08:00:48
打卡成功: 1906200141 : 2021-07-02 08:00:52 2021-07-02 08:00:53
打卡成功: 2006100062 : 2021-07-03 08:00:04 2021-07-03 08:00:04
打卡成功: 2006100066 : 2021-07-03 08:00:08 2021-07-03 08:00:09
打卡成功: 2006200030 : 2021-07-03 08:00:12 2021-07-03 08:00:13
打卡成功: 2006100064 : 2021-07-03 08:00:16 2021-07-03 08:00:17
打卡成功: 2008710012 : 2021-07-03 08:00:20 2021-07-03 08:00:21
打卡成功: 2006100068 : 2021-07-03 08:00:24 2021-07-03 08:00:25
打卡成功: 2006100065 : 2021-07-03 08:00:28 2021-07-03 08:00:29
打卡成功: 2006100067 : 2021-07-03 08:00:32 2021-07-03 08:00:33
打卡成功: 2006100053 : 2021-07-03 08:00:36 2021-07-03 08:00:37
打卡成功: 2006100061 : 2021-07-03 08:00:41 2021-07-03 08:00:42
打卡成功: 2004100049 : 2021-07-03 08:00:45 2021-07-03 08:00:46
打卡成功: 2064400014 : 2021-07-03 08:00:50 2021-07-03 08:00:50
打卡成功: 1906200141 : 2021-07-03 08:00:54 2021-07-03 08:00:55
打卡成功: 2006100062 : 2021-07-04 08:00:04 2021-07-04 08:00:04
打卡成功: 2006100066 : 2021-07-04 08:00:08 2021-07-04 08:00:09
打卡成功: 2006200030 : 2021-07-04 08:00:13 2021-07-04 08:00:14
打卡成功: 2006100064 : 2021-07-04 08:00:17 2021-07-04 08:00:18
打卡成功: 2008710012 : 2021-07-04 08:00:21 2021-07-04 08:00:22
打卡成功: 2006100068 : 2021-07-04 08:00:26 2021-07-04 08:00:26
打卡成功: 2006100065 : 2021-07-04 08:00:30 2021-07-04 08:00:31
打卡成功: 2006100067 : 2021-07-04 08:00:34 2021-07-04 08:00:35
打卡成功: 2006100053 : 2021-07-04 08:00:38 2021-07-04 08:00:39
打卡成功: 2006100061 : 2021-07-04 08:00:43 2021-07-04 08:00:43
打卡成功: 2004100049 : 2021-07-04 08:00:47 2021-07-04 08:00:48
打卡成功: 2064400014 : 2021-07-04 08:00:51 2021-07-04 08:00:52
打卡成功: 1906200141 : 2021-07-04 08:00:55 2021-07-04 08:00:56
打卡成功: 2006100062 : 2021-07-05 08:00:04 2021-07-05 08:00:04
打卡成功: 2006100066 : 2021-07-05 08:00:08 2021-07-05 08:00:09
打卡成功: 2006200030 : 2021-07-05 08:00:12 2021-07-05 08:00:13
打卡成功: 2006100064 : 2021-07-05 08:00:16 2021-07-05 08:00:17
打卡成功: 2008710012 : 2021-07-05 08:00:20 2021-07-05 08:00:21
打卡成功: 2006100068 : 2021-07-05 08:00:24 2021-07-05 08:00:25
打卡成功: 2006100065 : 2021-07-05 08:00:28 2021-07-05 08:00:29
打卡成功: 2006100067 : 2021-07-05 08:00:33 2021-07-05 08:00:34
打卡成功: 2006100053 : 2021-07-05 08:00:37 2021-07-05 08:00:38
打卡成功: 2006100061 : 2021-07-05 08:00:41 2021-07-05 08:00:42
打卡成功: 2004100049 : 2021-07-05 08:00:46 2021-07-05 08:00:47
Traceback (most recent call last):
  File "main.py", line 189, in <module>
    helper(id)
  File "main.py", line 20, in helper
    clock_in(stu_id)
  File "main.py", line 34, in clock_in
    'csrfToken': csrfToken[0],
IndexError: list index out of range
